<?xml version="1.0" encoding="UTF-8"?>
<!-- Generated by org.testng.reporters.JUnitXMLReporter -->
<testsuite ignored="0" hostname="osamas-MBP" failures="2" tests="9" name="tes" time="13.636" errors="0" timestamp="2021-05-19T19:25:10 EEST">
  <testcase classname="com.api.test.QAchallengeTest" name="fetchResultBySearch" time="3.942"/>
  <testcase classname="com.api.test.QAchallengeTest" name="fetchResultBySearchWithFillters" time="0.858"/>
  <testcase classname="com.api.test.QAchallengeTest" name="fetchResultBySearchWithCity" time="0.726"/>
  <testcase classname="com.api.test.QAchallengeTest" name="fetchResultWithPagination" time="0.709"/>
  <testcase classname="com.api.test.QAchallengeTest" name="fetchResultByLat" time="3.019"/>
  <testcase classname="com.api.test.QAchallengeTest" name="fetchResultByLatandLongWithLocation" time="1.766"/>
  <testcase classname="com.api.test.QAchallengeTest" name="fetchResultByFullTime" time="1.214"/>
  <testcase classname="com.api.test.QAchallengeTest" name="fetchResultById" time="0.606">
    <failure type="com.google.gson.JsonSyntaxException" message="com.google.gson.stream.MalformedJsonException: Use JsonReader.setLenient(true) to accept malformed JSON at line 2 column 12 path $">
      <![CDATA[com.google.gson.JsonSyntaxException: com.google.gson.stream.MalformedJsonException: Use JsonReader.setLenient(true) to accept malformed JSON at line 2 column 12 path $
at com.google.gson.JsonParser.parse(JsonParser.java:65)
at com.google.gson.JsonParser.parse(JsonParser.java:45)
at com.api.test.QAchallengeTest.fetchResultById(QAchallengeTest.java:239)
at java.base/java.util.ArrayList.forEach(ArrayList.java:1541)
Caused by: com.google.gson.stream.MalformedJsonException: Use JsonReader.setLenient(true) to accept malformed JSON at line 2 column 12 path $
at com.google.gson.stream.JsonReader.syntaxError(JsonReader.java:1568)
at com.google.gson.stream.JsonReader.checkLenient(JsonReader.java:1409)
at com.google.gson.stream.JsonReader.doPeek(JsonReader.java:542)
at com.google.gson.stream.JsonReader.peek(JsonReader.java:425)
at com.google.gson.JsonParser.parse(JsonParser.java:60)
... 30 more
... Removed 27 stack frames]]>
    </failure>
  </testcase> <!-- fetchResultById -->
  <testcase classname="com.api.test.QAchallengeTest" name="fetchResultByIdandMarkdown" time="0.758">
    <failure type="com.google.gson.JsonSyntaxException" message="com.google.gson.stream.MalformedJsonException: Use JsonReader.setLenient(true) to accept malformed JSON at line 2 column 12 path $">
      <![CDATA[com.google.gson.JsonSyntaxException: com.google.gson.stream.MalformedJsonException: Use JsonReader.setLenient(true) to accept malformed JSON at line 2 column 12 path $
at com.google.gson.JsonParser.parse(JsonParser.java:65)
at com.google.gson.JsonParser.parse(JsonParser.java:45)
at com.api.test.QAchallengeTest.fetchResultByIdandMarkdown(QAchallengeTest.java:268)
at java.base/java.util.ArrayList.forEach(ArrayList.java:1541)
Caused by: com.google.gson.stream.MalformedJsonException: Use JsonReader.setLenient(true) to accept malformed JSON at line 2 column 12 path $
at com.google.gson.stream.JsonReader.syntaxError(JsonReader.java:1568)
at com.google.gson.stream.JsonReader.checkLenient(JsonReader.java:1409)
at com.google.gson.stream.JsonReader.doPeek(JsonReader.java:542)
at com.google.gson.stream.JsonReader.peek(JsonReader.java:425)
at com.google.gson.JsonParser.parse(JsonParser.java:60)
... 30 more
... Removed 27 stack frames]]>
    </failure>
  </testcase> <!-- fetchResultByIdandMarkdown -->
</testsuite> <!-- tes -->
